<?xml version="1.0" encoding="UTF-8"?>
<testsuite name="rspec" tests="31" skipped="0" failures="0" errors="0" time="0.050837" timestamp="2024-02-21T13:08:03+01:00" hostname="MacdiTagliabue.homenet.telecomitalia.it">
<properties>
<property name="seed" value="23391"/>
</properties>
<testcase classname="spec.bitbucket_cloud_action_spec" name="Fastlane::Actions::BitbucketCreatePullRequestAction#run raises an error if username was not given" file="./spec/bitbucket_cloud_action_spec.rb" time="0.003201"></testcase>
<testcase classname="spec.bitbucket_cloud_action_spec" name="Fastlane::Actions::BitbucketCreatePullRequestAction#run raises an error if password was not given" file="./spec/bitbucket_cloud_action_spec.rb" time="0.001180"></testcase>
<testcase classname="spec.bitbucket_cloud_action_spec" name="Fastlane::Actions::BitbucketCreatePullRequestAction#run raises an error if company host name was not given" file="./spec/bitbucket_cloud_action_spec.rb" time="0.001075"></testcase>
<testcase classname="spec.bitbucket_cloud_action_spec" name="Fastlane::Actions::BitbucketCreatePullRequestAction#run raises an error if repository name was not given" file="./spec/bitbucket_cloud_action_spec.rb" time="0.001229"></testcase>
<testcase classname="spec.bitbucket_cloud_action_spec" name="Fastlane::Actions::BitbucketCreatePullRequestAction#run raises an error if title was not given" file="./spec/bitbucket_cloud_action_spec.rb" time="0.001150"></testcase>
<testcase classname="spec.bitbucket_cloud_action_spec" name="Fastlane::Actions::BitbucketCreatePullRequestAction#run raises an error if empty username was given" file="./spec/bitbucket_cloud_action_spec.rb" time="0.001102"></testcase>
<testcase classname="spec.bitbucket_cloud_action_spec" name="Fastlane::Actions::BitbucketCreatePullRequestAction#run raises an error if empty password was given" file="./spec/bitbucket_cloud_action_spec.rb" time="0.001088"></testcase>
<testcase classname="spec.bitbucket_cloud_action_spec" name="Fastlane::Actions::BitbucketCreatePullRequestAction#run raises an error if empty company host name was given" file="./spec/bitbucket_cloud_action_spec.rb" time="0.001093"></testcase>
<testcase classname="spec.bitbucket_cloud_action_spec" name="Fastlane::Actions::BitbucketCreatePullRequestAction#run raises an error if empty repository name was given" file="./spec/bitbucket_cloud_action_spec.rb" time="0.001036"></testcase>
<testcase classname="spec.bitbucket_cloud_action_spec" name="Fastlane::Actions::BitbucketCreatePullRequestAction#run raises an error if empty title was given" file="./spec/bitbucket_cloud_action_spec.rb" time="0.001177"></testcase>
<testcase classname="spec.bitbucket_cloud_action_spec" name="Fastlane::Actions::BitbucketCreatePullRequestAction#run supports all platforms" file="./spec/bitbucket_cloud_action_spec.rb" time="0.001014"></testcase>
<testcase classname="spec.bitbucket_cloud_action_spec" name="Fastlane::Actions::BitbucketCreatePullRequestAction#run has correct description" file="./spec/bitbucket_cloud_action_spec.rb" time="0.000999"></testcase>
<testcase classname="spec.bitbucket_cloud_action_spec" name="Fastlane::Actions::BitbucketCreatePullRequestAction#run has correct details" file="./spec/bitbucket_cloud_action_spec.rb" time="0.000363"></testcase>
<testcase classname="spec.bitbucket_cloud_action_spec" name="Fastlane::Actions::BitbucketCreatePullRequestAction#run has correct authors" file="./spec/bitbucket_cloud_action_spec.rb" time="0.000399"></testcase>
<testcase classname="spec.bitbucket_cloud_action_spec" name="Fastlane::Actions::BitbucketCreatePullRequestAction#run has correct output" file="./spec/bitbucket_cloud_action_spec.rb" time="0.000391"></testcase>
<testcase classname="spec.bitbucket_cloud_action_spec" name="Fastlane::Actions::BitbucketCreatePullRequestAction#run has correct return_value" file="./spec/bitbucket_cloud_action_spec.rb" time="0.000354"></testcase>
<testcase classname="spec.bitbucket_cloud_action_spec" name="Fastlane::Actions::BitbucketCreatePullRequestAction#run with required fields succeeds with all variables given through invocation." file="./spec/bitbucket_cloud_action_spec.rb" time="0.015005"></testcase>
<testcase classname="spec.bitbucket_cloud_action_spec" name="Fastlane::Actions::BitbucketCreatePullRequestAction#run with required fields succeeds with required variables given through invocation." file="./spec/bitbucket_cloud_action_spec.rb" time="0.001926"></testcase>
<testcase classname="spec.bitbucket_cloud_action_spec" name="Fastlane::Actions::BitbucketCreatePullRequestAction#run with required fields fails with required variables given through invocation." file="./spec/bitbucket_cloud_action_spec.rb" time="0.002005"></testcase>
<testcase classname="spec.bitbucket_cloud_action_spec" name="Fastlane::Actions::BitbucketListDefaultReviewersAction#run raises an error if username was not given" file="./spec/bitbucket_cloud_action_spec.rb" time="0.001647"></testcase>
<testcase classname="spec.bitbucket_cloud_action_spec" name="Fastlane::Actions::BitbucketListDefaultReviewersAction#run raises an error if password was not given" file="./spec/bitbucket_cloud_action_spec.rb" time="0.001558"></testcase>
<testcase classname="spec.bitbucket_cloud_action_spec" name="Fastlane::Actions::BitbucketListDefaultReviewersAction#run raises an error if company host name was not given" file="./spec/bitbucket_cloud_action_spec.rb" time="0.001322"></testcase>
<testcase classname="spec.bitbucket_cloud_action_spec" name="Fastlane::Actions::BitbucketListDefaultReviewersAction#run raises an error if repository name was not given" file="./spec/bitbucket_cloud_action_spec.rb" time="0.001231"></testcase>
<testcase classname="spec.bitbucket_cloud_action_spec" name="Fastlane::Actions::BitbucketListDefaultReviewersAction#run supports all platforms" file="./spec/bitbucket_cloud_action_spec.rb" time="0.000558"></testcase>
<testcase classname="spec.bitbucket_cloud_action_spec" name="Fastlane::Actions::BitbucketListDefaultReviewersAction#run has correct description" file="./spec/bitbucket_cloud_action_spec.rb" time="0.000547"></testcase>
<testcase classname="spec.bitbucket_cloud_action_spec" name="Fastlane::Actions::BitbucketListDefaultReviewersAction#run has correct details" file="./spec/bitbucket_cloud_action_spec.rb" time="0.000566"></testcase>
<testcase classname="spec.bitbucket_cloud_action_spec" name="Fastlane::Actions::BitbucketListDefaultReviewersAction#run has correct authors" file="./spec/bitbucket_cloud_action_spec.rb" time="0.000573"></testcase>
<testcase classname="spec.bitbucket_cloud_action_spec" name="Fastlane::Actions::BitbucketListDefaultReviewersAction#run has correct output" file="./spec/bitbucket_cloud_action_spec.rb" time="0.000412"></testcase>
<testcase classname="spec.bitbucket_cloud_action_spec" name="Fastlane::Actions::BitbucketListDefaultReviewersAction#run has correct return_value" file="./spec/bitbucket_cloud_action_spec.rb" time="0.000383"></testcase>
<testcase classname="spec.bitbucket_cloud_action_spec" name="Fastlane::Actions::BitbucketListDefaultReviewersAction#run with required fields succeeds with required variables given through invocation." file="./spec/bitbucket_cloud_action_spec.rb" time="0.001856"></testcase>
<testcase classname="spec.bitbucket_cloud_action_spec" name="Fastlane::Actions::BitbucketListDefaultReviewersAction#run with required fields fails with required variables given through invocation." file="./spec/bitbucket_cloud_action_spec.rb" time="0.001271"></testcase>
</testsuite>
